*ERROR* 	2017/11/08 - 07:19:30: El tema actual no est&aacute; disponible. Por favor, revisa el nombre del directorio del tema &quot;mobile&quot; y los permisos. at line 259 in file classes/controller/FrontController.php
*ERROR* 	2017/11/08 - 07:19:34: El tema actual no est&aacute; disponible. Por favor, revisa el nombre del directorio del tema &quot;mobile&quot; y los permisos. at line 259 in file classes/controller/FrontController.php
*ERROR* 	2017/11/08 - 07:19:35: El tema actual no est&aacute; disponible. Por favor, revisa el nombre del directorio del tema &quot;mobile&quot; y los permisos. at line 259 in file classes/controller/FrontController.php
*ERROR* 	2017/11/08 - 07:19:52: El tema actual no est&aacute; disponible. Por favor, revisa el nombre del directorio del tema &quot;mobile&quot; y los permisos. at line 259 in file classes/controller/FrontController.php
*ERROR* 	2017/11/08 - 10:37:57: Current theme unselected. Please check your theme configuration. at line 117 in file config/config.inc.php
*ERROR* 	2017/11/08 - 10:39:00: Current theme unselected. Please check your theme configuration. at line 117 in file config/config.inc.php
*ERROR* 	2017/11/08 - 10:57:08: Current theme unselected. Please check your theme configuration. at line 117 in file config/config.inc.php
*ERROR* 	2017/11/08 - 10:58:45: Current theme unselected. Please check your theme configuration. at line 117 in file config/config.inc.php
*ERROR* 	2017/11/08 - 10:59:30: Current theme unselected. Please check your theme configuration. at line 117 in file config/config.inc.php
*ERROR* 	2017/11/08 - 10:59:30: Current theme unselected. Please check your theme configuration. at line 117 in file config/config.inc.php
*ERROR* 	2017/11/08 - 10:59:33: Current theme unselected. Please check your theme configuration. at line 117 in file config/config.inc.php
*ERROR* 	2017/11/08 - 10:59:33: Current theme unselected. Please check your theme configuration. at line 117 in file config/config.inc.php
*ERROR* 	2017/11/08 - 10:59:33: Current theme unselected. Please check your theme configuration. at line 117 in file config/config.inc.php
*ERROR* 	2017/11/08 - 11:05:12: El tema actual no est&aacute; disponible. Por favor, revisa el nombre del directorio del tema &quot;mobile&quot; y los permisos. at line 259 in file classes/controller/FrontController.php
*ERROR* 	2017/11/08 - 11:05:12: El tema actual no est&aacute; disponible. Por favor, revisa el nombre del directorio del tema &quot;mobile&quot; y los permisos. at line 259 in file classes/controller/FrontController.php
*ERROR* 	2017/11/08 - 11:05:15: El tema actual no est&aacute; disponible. Por favor, revisa el nombre del directorio del tema &quot;mobile&quot; y los permisos. at line 259 in file classes/controller/FrontController.php
*ERROR* 	2017/11/08 - 11:05:16: El tema actual no est&aacute; disponible. Por favor, revisa el nombre del directorio del tema &quot;mobile&quot; y los permisos. at line 259 in file classes/controller/FrontController.php
*ERROR* 	2017/11/08 - 11:08:16: El tema actual no est&aacute; disponible. Por favor, revisa el nombre del directorio del tema &quot;mobile&quot; y los permisos. at line 259 in file classes/controller/FrontController.php
*ERROR* 	2017/11/08 - 11:08:16: El tema actual no est&aacute; disponible. Por favor, revisa el nombre del directorio del tema &quot;mobile&quot; y los permisos. at line 259 in file classes/controller/FrontController.php
*ERROR* 	2017/11/08 - 11:08:24: Current theme unselected. Please check your theme configuration. at line 117 in file config/config.inc.php
*ERROR* 	2017/11/08 - 11:08:24: Current theme unselected. Please check your theme configuration. at line 117 in file config/config.inc.php
*ERROR* 	2017/11/08 - 11:08:25: Current theme unselected. Please check your theme configuration. at line 117 in file config/config.inc.php
*ERROR* 	2017/11/08 - 11:08:25: Current theme unselected. Please check your theme configuration. at line 117 in file config/config.inc.php
*ERROR* 	2017/11/08 - 11:09:32: Current theme unselected. Please check your theme configuration. at line 117 in file config/config.inc.php
*ERROR* 	2017/11/08 - 11:09:32: Current theme unselected. Please check your theme configuration. at line 117 in file config/config.inc.php
*ERROR* 	2017/11/08 - 11:09:33: Current theme unselected. Please check your theme configuration. at line 117 in file config/config.inc.php
*ERROR* 	2017/11/08 - 11:09:33: Current theme unselected. Please check your theme configuration. at line 117 in file config/config.inc.php
*ERROR* 	2017/11/08 - 11:10:19: Current theme unselected. Please check your theme configuration. at line 117 in file config/config.inc.php
*ERROR* 	2017/11/08 - 11:10:19: Current theme unselected. Please check your theme configuration. at line 117 in file config/config.inc.php
*ERROR* 	2017/11/08 - 11:10:19: Current theme unselected. Please check your theme configuration. at line 117 in file config/config.inc.php
*ERROR* 	2017/11/08 - 11:11:51: Current theme unselected. Please check your theme configuration. at line 117 in file config/config.inc.php
*ERROR* 	2017/11/08 - 11:11:51: Current theme unselected. Please check your theme configuration. at line 117 in file config/config.inc.php
*ERROR* 	2017/11/08 - 11:11:51: Current theme unselected. Please check your theme configuration. at line 117 in file config/config.inc.php
*ERROR* 	2017/11/08 - 11:11:51: Current theme unselected. Please check your theme configuration. at line 117 in file config/config.inc.php
*ERROR* 	2017/11/08 - 11:15:17: Current theme unselected. Please check your theme configuration. at line 117 in file config/config.inc.php
*ERROR* 	2017/11/08 - 11:15:17: Current theme unselected. Please check your theme configuration. at line 117 in file config/config.inc.php
*ERROR* 	2017/11/08 - 11:15:17: Current theme unselected. Please check your theme configuration. at line 117 in file config/config.inc.php
*ERROR* 	2017/11/08 - 11:17:16: Current theme unselected. Please check your theme configuration. at line 117 in file config/config.inc.php
*ERROR* 	2017/11/08 - 11:18:29: Shop not found at line 404 in file classes/shop/Shop.php
*ERROR* 	2017/11/08 - 11:28:58: El tema actual no est&aacute; disponible. Por favor, revisa el nombre del directorio del tema &quot;mobile&quot; y los permisos. at line 259 in file classes/controller/FrontController.php
*ERROR* 	2017/11/08 - 11:28:58: El tema actual no est&aacute; disponible. Por favor, revisa el nombre del directorio del tema &quot;mobile&quot; y los permisos. at line 259 in file classes/controller/FrontController.php
*ERROR* 	2017/11/08 - 11:29:00: El tema actual no est&aacute; disponible. Por favor, revisa el nombre del directorio del tema &quot;mobile&quot; y los permisos. at line 259 in file classes/controller/FrontController.php
*ERROR* 	2017/11/08 - 11:29:00: El tema actual no est&aacute; disponible. Por favor, revisa el nombre del directorio del tema &quot;mobile&quot; y los permisos. at line 259 in file classes/controller/FrontController.php
*ERROR* 	2017/11/08 - 11:29:02: El tema actual no est&aacute; disponible. Por favor, revisa el nombre del directorio del tema &quot;mobile&quot; y los permisos. at line 259 in file classes/controller/FrontController.php
*ERROR* 	2017/11/08 - 11:29:02: El tema actual no est&aacute; disponible. Por favor, revisa el nombre del directorio del tema &quot;mobile&quot; y los permisos. at line 259 in file classes/controller/FrontController.php
*ERROR* 	2017/11/08 - 11:31:01: El tema actual no est&aacute; disponible. Por favor, revisa el nombre del directorio del tema &quot;mobile&quot; y los permisos. at line 259 in file classes/controller/FrontController.php
*ERROR* 	2017/11/08 - 11:31:01: El tema actual no est&aacute; disponible. Por favor, revisa el nombre del directorio del tema &quot;mobile&quot; y los permisos. at line 259 in file classes/controller/FrontController.php
*ERROR* 	2017/11/08 - 11:31:01: El tema actual no est&aacute; disponible. Por favor, revisa el nombre del directorio del tema &quot;mobile&quot; y los permisos. at line 259 in file classes/controller/FrontController.php
*ERROR* 	2017/11/08 - 11:33:04: El tema actual no est&aacute; disponible. Por favor, revisa el nombre del directorio del tema &quot;mobile&quot; y los permisos. at line 259 in file classes/controller/FrontController.php
*ERROR* 	2017/11/08 - 11:33:04: El tema actual no est&aacute; disponible. Por favor, revisa el nombre del directorio del tema &quot;mobile&quot; y los permisos. at line 259 in file classes/controller/FrontController.php
*ERROR* 	2017/11/08 - 11:33:44: El tema actual no est&aacute; disponible. Por favor, revisa el nombre del directorio del tema &quot;mobile&quot; y los permisos. at line 259 in file classes/controller/FrontController.php
*ERROR* 	2017/11/08 - 11:33:44: El tema actual no est&aacute; disponible. Por favor, revisa el nombre del directorio del tema &quot;mobile&quot; y los permisos. at line 259 in file classes/controller/FrontController.php
*ERROR* 	2017/11/08 - 11:34:19: El tema actual no est&aacute; disponible. Por favor, revisa el nombre del directorio del tema &quot;mobile&quot; y los permisos. at line 259 in file classes/controller/FrontController.php
*ERROR* 	2017/11/08 - 11:34:19: El tema actual no est&aacute; disponible. Por favor, revisa el nombre del directorio del tema &quot;mobile&quot; y los permisos. at line 259 in file classes/controller/FrontController.php
*ERROR* 	2017/11/08 - 11:34:19: El tema actual no est&aacute; disponible. Por favor, revisa el nombre del directorio del tema &quot;mobile&quot; y los permisos. at line 259 in file classes/controller/FrontController.php
*ERROR* 	2017/11/08 - 11:41:16: Current theme unselected. Please check your theme configuration. at line 117 in file config/config.inc.php
*ERROR* 	2017/11/08 - 11:41:16: Current theme unselected. Please check your theme configuration. at line 117 in file config/config.inc.php
*ERROR* 	2017/11/08 - 11:41:16: Current theme unselected. Please check your theme configuration. at line 117 in file config/config.inc.php
*ERROR* 	2017/11/08 - 11:41:16: Current theme unselected. Please check your theme configuration. at line 117 in file config/config.inc.php
*ERROR* 	2017/11/08 - 11:42:55: Current theme unselected. Please check your theme configuration. at line 117 in file config/config.inc.php
*ERROR* 	2017/11/08 - 11:42:55: Current theme unselected. Please check your theme configuration. at line 117 in file config/config.inc.php
*ERROR* 	2017/11/08 - 11:42:55: Current theme unselected. Please check your theme configuration. at line 117 in file config/config.inc.php
*ERROR* 	2017/11/08 - 11:42:56: Current theme unselected. Please check your theme configuration. at line 117 in file config/config.inc.php
*ERROR* 	2017/11/08 - 12:11:10: Table 'db708184382.ps_smarty_last_flush' doesn't exist<br /><br /><pre>SELECT UNIX_TIMESTAMP(last_flush) as last_flush FROM `ps_smarty_last_flush` WHERE type='compile' LIMIT 1</pre> at line 791 in file classes/db/Db.php
*ERROR* 	2017/11/08 - 12:13:47: Unknown column 'product_attribute_shop.id_product' in 'on clause'<br /><br /><pre>SELECT p.*, product_shop.*, stock.out_of_stock, IFNULL(stock.quantity, 0) as quantity, pl.`description`, pl.`description_short`, pl.`link_rewrite`, pl.`meta_description`,
			pl.`meta_keywords`, pl.`meta_title`, pl.`name`, pl.`available_now`, pl.`available_later`, image_shop.`id_image` id_image, il.`legend`, m.`name` AS manufacturer_name,
			product_shop.`date_add` > "2017-10-19" as new,
product_attribute_shop.minimal_quantity AS product_attribute_minimal_quantity, IFNULL(product_attribute_shop.id_product_attribute,0) id_product_attribute
FROM `ps_product` p
 INNER JOIN ps_product_shop product_shop
		ON (product_shop.id_product = p.id_product AND product_shop.id_shop = 1)
LEFT JOIN `ps_product_lang` `pl` ON 
			p.`id_product` = pl.`id_product`
			AND pl.`id_lang` = 1 AND pl.id_shop = 1 
LEFT JOIN `ps_image_shop` `image_shop` ON image_shop.`id_product` = p.`id_product` AND image_shop.cover=1 AND image_shop.id_shop=1
LEFT JOIN `ps_image_lang` `il` ON image_shop.`id_image` = il.`id_image` AND il.`id_lang` = 1
LEFT JOIN `ps_manufacturer` `m` ON m.`id_manufacturer` = p.`id_manufacturer`
LEFT JOIN `ps_product_attribute_shop` `product_attribute_shop` ON p.`id_product` = product_attribute_shop.`id_product` AND product_attribute_shop.`default_on` = 1 AND product_attribute_shop.id_shop=1
 LEFT JOIN ps_stock_available stock
			ON (stock.id_product = p.id_product AND stock.id_product_attribute = 0 AND stock.id_shop = 1  AND stock.id_shop_group = 0  )
WHERE (product_shop.`active` = 1) AND (product_shop.`visibility` IN ("both", "catalog")) AND (product_shop.`date_add` > "2017-10-19") AND (EXISTS(SELECT 1 FROM `ps_category_product` cp
				JOIN `ps_category_group` cg ON (cp.id_category = cg.id_category AND cg.`id_group` = 1)
				WHERE cp.`id_product` = p.`id_product`))
ORDER BY product_shop.`date_add` DESC
LIMIT 8</pre> at line 791 in file classes/db/Db.php
*ERROR* 	2017/11/08 - 12:16:20: Unknown column 'product_attribute_shop.id_product' in 'on clause'<br /><br /><pre>SELECT p.*, product_shop.*, stock.out_of_stock, IFNULL(stock.quantity, 0) as quantity, pl.`description`, pl.`description_short`, pl.`link_rewrite`, pl.`meta_description`,
			pl.`meta_keywords`, pl.`meta_title`, pl.`name`, pl.`available_now`, pl.`available_later`, image_shop.`id_image` id_image, il.`legend`, m.`name` AS manufacturer_name,
			product_shop.`date_add` > "2017-10-19" as new,
product_attribute_shop.minimal_quantity AS product_attribute_minimal_quantity, IFNULL(product_attribute_shop.id_product_attribute,0) id_product_attribute
FROM `ps_product` p
 INNER JOIN ps_product_shop product_shop
		ON (product_shop.id_product = p.id_product AND product_shop.id_shop = 1)
LEFT JOIN `ps_product_lang` `pl` ON 
			p.`id_product` = pl.`id_product`
			AND pl.`id_lang` = 1 AND pl.id_shop = 1 
LEFT JOIN `ps_image_shop` `image_shop` ON image_shop.`id_product` = p.`id_product` AND image_shop.cover=1 AND image_shop.id_shop=1
LEFT JOIN `ps_image_lang` `il` ON image_shop.`id_image` = il.`id_image` AND il.`id_lang` = 1
LEFT JOIN `ps_manufacturer` `m` ON m.`id_manufacturer` = p.`id_manufacturer`
LEFT JOIN `ps_product_attribute_shop` `product_attribute_shop` ON p.`id_product` = product_attribute_shop.`id_product` AND product_attribute_shop.`default_on` = 1 AND product_attribute_shop.id_shop=1
 LEFT JOIN ps_stock_available stock
			ON (stock.id_product = p.id_product AND stock.id_product_attribute = 0 AND stock.id_shop = 1  AND stock.id_shop_group = 0  )
WHERE (product_shop.`active` = 1) AND (product_shop.`visibility` IN ("both", "catalog")) AND (product_shop.`date_add` > "2017-10-19") AND (EXISTS(SELECT 1 FROM `ps_category_product` cp
				JOIN `ps_category_group` cg ON (cp.id_category = cg.id_category AND cg.`id_group` = 1)
				WHERE cp.`id_product` = p.`id_product`))
ORDER BY product_shop.`date_add` DESC
LIMIT 8</pre> at line 791 in file classes/db/Db.php
*ERROR* 	2017/11/08 - 12:18:28: Unknown column 'product_attribute_shop.id_product' in 'on clause'<br /><br /><pre>SELECT p.*, product_shop.*, stock.out_of_stock, IFNULL(stock.quantity, 0) as quantity, pl.`description`, pl.`description_short`, pl.`link_rewrite`, pl.`meta_description`,
			pl.`meta_keywords`, pl.`meta_title`, pl.`name`, pl.`available_now`, pl.`available_later`, image_shop.`id_image` id_image, il.`legend`, m.`name` AS manufacturer_name,
			product_shop.`date_add` > "2017-10-19" as new,
product_attribute_shop.minimal_quantity AS product_attribute_minimal_quantity, IFNULL(product_attribute_shop.id_product_attribute,0) id_product_attribute
FROM `ps_product` p
 INNER JOIN ps_product_shop product_shop
		ON (product_shop.id_product = p.id_product AND product_shop.id_shop = 1)
LEFT JOIN `ps_product_lang` `pl` ON 
			p.`id_product` = pl.`id_product`
			AND pl.`id_lang` = 1 AND pl.id_shop = 1 
LEFT JOIN `ps_image_shop` `image_shop` ON image_shop.`id_product` = p.`id_product` AND image_shop.cover=1 AND image_shop.id_shop=1
LEFT JOIN `ps_image_lang` `il` ON image_shop.`id_image` = il.`id_image` AND il.`id_lang` = 1
LEFT JOIN `ps_manufacturer` `m` ON m.`id_manufacturer` = p.`id_manufacturer`
LEFT JOIN `ps_product_attribute_shop` `product_attribute_shop` ON p.`id_product` = product_attribute_shop.`id_product` AND product_attribute_shop.`default_on` = 1 AND product_attribute_shop.id_shop=1
 LEFT JOIN ps_stock_available stock
			ON (stock.id_product = p.id_product AND stock.id_product_attribute = 0 AND stock.id_shop = 1  AND stock.id_shop_group = 0  )
WHERE (product_shop.`active` = 1) AND (product_shop.`visibility` IN ("both", "catalog")) AND (product_shop.`date_add` > "2017-10-19") AND (EXISTS(SELECT 1 FROM `ps_category_product` cp
				JOIN `ps_category_group` cg ON (cp.id_category = cg.id_category AND cg.`id_group` = 1)
				WHERE cp.`id_product` = p.`id_product`))
ORDER BY product_shop.`date_add` DESC
LIMIT 8</pre> at line 791 in file classes/db/Db.php
*ERROR* 	2017/11/08 - 12:19:05: Unknown column 'product_attribute_shop.id_product' in 'on clause'<br /><br /><pre>SELECT p.*, product_shop.*, stock.out_of_stock, IFNULL(stock.quantity, 0) as quantity, pl.`description`, pl.`description_short`, pl.`link_rewrite`, pl.`meta_description`,
			pl.`meta_keywords`, pl.`meta_title`, pl.`name`, pl.`available_now`, pl.`available_later`, image_shop.`id_image` id_image, il.`legend`, m.`name` AS manufacturer_name,
			product_shop.`date_add` > "2017-10-19" as new,
product_attribute_shop.minimal_quantity AS product_attribute_minimal_quantity, IFNULL(product_attribute_shop.id_product_attribute,0) id_product_attribute
FROM `ps_product` p
 INNER JOIN ps_product_shop product_shop
		ON (product_shop.id_product = p.id_product AND product_shop.id_shop = 1)
LEFT JOIN `ps_product_lang` `pl` ON 
			p.`id_product` = pl.`id_product`
			AND pl.`id_lang` = 1 AND pl.id_shop = 1 
LEFT JOIN `ps_image_shop` `image_shop` ON image_shop.`id_product` = p.`id_product` AND image_shop.cover=1 AND image_shop.id_shop=1
LEFT JOIN `ps_image_lang` `il` ON image_shop.`id_image` = il.`id_image` AND il.`id_lang` = 1
LEFT JOIN `ps_manufacturer` `m` ON m.`id_manufacturer` = p.`id_manufacturer`
LEFT JOIN `ps_product_attribute_shop` `product_attribute_shop` ON p.`id_product` = product_attribute_shop.`id_product` AND product_attribute_shop.`default_on` = 1 AND product_attribute_shop.id_shop=1
 LEFT JOIN ps_stock_available stock
			ON (stock.id_product = p.id_product AND stock.id_product_attribute = 0 AND stock.id_shop = 1  AND stock.id_shop_group = 0  )
WHERE (product_shop.`active` = 1) AND (product_shop.`visibility` IN ("both", "catalog")) AND (product_shop.`date_add` > "2017-10-19") AND (EXISTS(SELECT 1 FROM `ps_category_product` cp
				JOIN `ps_category_group` cg ON (cp.id_category = cg.id_category AND cg.`id_group` = 1)
				WHERE cp.`id_product` = p.`id_product`))
ORDER BY product_shop.`date_add` DESC
LIMIT 8</pre> at line 791 in file classes/db/Db.php
*ERROR* 	2017/11/08 - 12:19:12: Unknown column 'product_attribute_shop.id_product' in 'on clause'<br /><br /><pre>SELECT p.*, product_shop.*, stock.out_of_stock, IFNULL(stock.quantity, 0) as quantity, pl.`description`, pl.`description_short`, pl.`link_rewrite`, pl.`meta_description`,
			pl.`meta_keywords`, pl.`meta_title`, pl.`name`, pl.`available_now`, pl.`available_later`, image_shop.`id_image` id_image, il.`legend`, m.`name` AS manufacturer_name,
			product_shop.`date_add` > "2017-10-19" as new,
product_attribute_shop.minimal_quantity AS product_attribute_minimal_quantity, IFNULL(product_attribute_shop.id_product_attribute,0) id_product_attribute
FROM `ps_product` p
 INNER JOIN ps_product_shop product_shop
		ON (product_shop.id_product = p.id_product AND product_shop.id_shop = 1)
LEFT JOIN `ps_product_lang` `pl` ON 
			p.`id_product` = pl.`id_product`
			AND pl.`id_lang` = 1 AND pl.id_shop = 1 
LEFT JOIN `ps_image_shop` `image_shop` ON image_shop.`id_product` = p.`id_product` AND image_shop.cover=1 AND image_shop.id_shop=1
LEFT JOIN `ps_image_lang` `il` ON image_shop.`id_image` = il.`id_image` AND il.`id_lang` = 1
LEFT JOIN `ps_manufacturer` `m` ON m.`id_manufacturer` = p.`id_manufacturer`
LEFT JOIN `ps_product_attribute_shop` `product_attribute_shop` ON p.`id_product` = product_attribute_shop.`id_product` AND product_attribute_shop.`default_on` = 1 AND product_attribute_shop.id_shop=1
 LEFT JOIN ps_stock_available stock
			ON (stock.id_product = p.id_product AND stock.id_product_attribute = 0 AND stock.id_shop = 1  AND stock.id_shop_group = 0  )
WHERE (product_shop.`active` = 1) AND (product_shop.`visibility` IN ("both", "catalog")) AND (product_shop.`date_add` > "2017-10-19") AND (EXISTS(SELECT 1 FROM `ps_category_product` cp
				JOIN `ps_category_group` cg ON (cp.id_category = cg.id_category AND cg.`id_group` = 1)
				WHERE cp.`id_product` = p.`id_product`))
ORDER BY product_shop.`date_add` DESC
LIMIT 8</pre> at line 791 in file classes/db/Db.php
*ERROR* 	2017/11/08 - 12:19:48: Unknown column 'product_attribute_shop.id_product' in 'on clause'<br /><br /><pre>SELECT p.*, product_shop.*, stock.out_of_stock, IFNULL(stock.quantity, 0) as quantity, pl.`description`, pl.`description_short`, pl.`link_rewrite`, pl.`meta_description`,
			pl.`meta_keywords`, pl.`meta_title`, pl.`name`, pl.`available_now`, pl.`available_later`, image_shop.`id_image` id_image, il.`legend`, m.`name` AS manufacturer_name,
			product_shop.`date_add` > "2017-10-19" as new,
product_attribute_shop.minimal_quantity AS product_attribute_minimal_quantity, IFNULL(product_attribute_shop.id_product_attribute,0) id_product_attribute
FROM `ps_product` p
 INNER JOIN ps_product_shop product_shop
		ON (product_shop.id_product = p.id_product AND product_shop.id_shop = 1)
LEFT JOIN `ps_product_lang` `pl` ON 
			p.`id_product` = pl.`id_product`
			AND pl.`id_lang` = 1 AND pl.id_shop = 1 
LEFT JOIN `ps_image_shop` `image_shop` ON image_shop.`id_product` = p.`id_product` AND image_shop.cover=1 AND image_shop.id_shop=1
LEFT JOIN `ps_image_lang` `il` ON image_shop.`id_image` = il.`id_image` AND il.`id_lang` = 1
LEFT JOIN `ps_manufacturer` `m` ON m.`id_manufacturer` = p.`id_manufacturer`
LEFT JOIN `ps_product_attribute_shop` `product_attribute_shop` ON p.`id_product` = product_attribute_shop.`id_product` AND product_attribute_shop.`default_on` = 1 AND product_attribute_shop.id_shop=1
 LEFT JOIN ps_stock_available stock
			ON (stock.id_product = p.id_product AND stock.id_product_attribute = 0 AND stock.id_shop = 1  AND stock.id_shop_group = 0  )
WHERE (product_shop.`active` = 1) AND (product_shop.`visibility` IN ("both", "catalog")) AND (product_shop.`date_add` > "2017-10-19") AND (EXISTS(SELECT 1 FROM `ps_category_product` cp
				JOIN `ps_category_group` cg ON (cp.id_category = cg.id_category AND cg.`id_group` = 1)
				WHERE cp.`id_product` = p.`id_product`))
ORDER BY product_shop.`date_add` DESC
LIMIT 8</pre> at line 791 in file classes/db/Db.php
*ERROR* 	2017/11/08 - 12:23:58: Unknown column 'product_attribute_shop.id_product' in 'on clause'<br /><br /><pre>SELECT p.*, product_shop.*, stock.out_of_stock, IFNULL(stock.quantity, 0) as quantity, pl.`description`, pl.`description_short`, pl.`link_rewrite`, pl.`meta_description`,
			pl.`meta_keywords`, pl.`meta_title`, pl.`name`, pl.`available_now`, pl.`available_later`, image_shop.`id_image` id_image, il.`legend`, m.`name` AS manufacturer_name,
			product_shop.`date_add` > "2017-10-19" as new,
product_attribute_shop.minimal_quantity AS product_attribute_minimal_quantity, IFNULL(product_attribute_shop.id_product_attribute,0) id_product_attribute
FROM `ps_product` p
 INNER JOIN ps_product_shop product_shop
		ON (product_shop.id_product = p.id_product AND product_shop.id_shop = 1)
LEFT JOIN `ps_product_lang` `pl` ON 
			p.`id_product` = pl.`id_product`
			AND pl.`id_lang` = 1 AND pl.id_shop = 1 
LEFT JOIN `ps_image_shop` `image_shop` ON image_shop.`id_product` = p.`id_product` AND image_shop.cover=1 AND image_shop.id_shop=1
LEFT JOIN `ps_image_lang` `il` ON image_shop.`id_image` = il.`id_image` AND il.`id_lang` = 1
LEFT JOIN `ps_manufacturer` `m` ON m.`id_manufacturer` = p.`id_manufacturer`
LEFT JOIN `ps_product_attribute_shop` `product_attribute_shop` ON p.`id_product` = product_attribute_shop.`id_product` AND product_attribute_shop.`default_on` = 1 AND product_attribute_shop.id_shop=1
 LEFT JOIN ps_stock_available stock
			ON (stock.id_product = p.id_product AND stock.id_product_attribute = 0 AND stock.id_shop = 1  AND stock.id_shop_group = 0  )
WHERE (product_shop.`active` = 1) AND (product_shop.`visibility` IN ("both", "catalog")) AND (product_shop.`date_add` > "2017-10-19") AND (EXISTS(SELECT 1 FROM `ps_category_product` cp
				JOIN `ps_category_group` cg ON (cp.id_category = cg.id_category AND cg.`id_group` = 1)
				WHERE cp.`id_product` = p.`id_product`))
ORDER BY product_shop.`date_add` DESC
LIMIT 8</pre> at line 791 in file classes/db/Db.php
*ERROR* 	2017/11/08 - 12:24:03: Unknown column 'product_attribute_shop.id_product' in 'on clause'<br /><br /><pre>SELECT p.*, product_shop.*, stock.out_of_stock, IFNULL(stock.quantity, 0) as quantity, pl.`description`, pl.`description_short`, pl.`link_rewrite`, pl.`meta_description`,
			pl.`meta_keywords`, pl.`meta_title`, pl.`name`, pl.`available_now`, pl.`available_later`, image_shop.`id_image` id_image, il.`legend`, m.`name` AS manufacturer_name,
			product_shop.`date_add` > "2017-10-19" as new,
product_attribute_shop.minimal_quantity AS product_attribute_minimal_quantity, IFNULL(product_attribute_shop.id_product_attribute,0) id_product_attribute
FROM `ps_product` p
 INNER JOIN ps_product_shop product_shop
		ON (product_shop.id_product = p.id_product AND product_shop.id_shop = 1)
LEFT JOIN `ps_product_lang` `pl` ON 
			p.`id_product` = pl.`id_product`
			AND pl.`id_lang` = 1 AND pl.id_shop = 1 
LEFT JOIN `ps_image_shop` `image_shop` ON image_shop.`id_product` = p.`id_product` AND image_shop.cover=1 AND image_shop.id_shop=1
LEFT JOIN `ps_image_lang` `il` ON image_shop.`id_image` = il.`id_image` AND il.`id_lang` = 1
LEFT JOIN `ps_manufacturer` `m` ON m.`id_manufacturer` = p.`id_manufacturer`
LEFT JOIN `ps_product_attribute_shop` `product_attribute_shop` ON p.`id_product` = product_attribute_shop.`id_product` AND product_attribute_shop.`default_on` = 1 AND product_attribute_shop.id_shop=1
 LEFT JOIN ps_stock_available stock
			ON (stock.id_product = p.id_product AND stock.id_product_attribute = 0 AND stock.id_shop = 1  AND stock.id_shop_group = 0  )
WHERE (product_shop.`active` = 1) AND (product_shop.`visibility` IN ("both", "catalog")) AND (product_shop.`date_add` > "2017-10-19") AND (EXISTS(SELECT 1 FROM `ps_category_product` cp
				JOIN `ps_category_group` cg ON (cp.id_category = cg.id_category AND cg.`id_group` = 1)
				WHERE cp.`id_product` = p.`id_product`))
ORDER BY product_shop.`date_add` DESC
LIMIT 8</pre> at line 791 in file classes/db/Db.php
*ERROR* 	2017/11/08 - 12:24:22: Unknown column 'product_attribute_shop.id_product' in 'on clause'<br /><br /><pre>SELECT p.*, product_shop.*, stock.out_of_stock, IFNULL(stock.quantity, 0) as quantity, pl.`description`, pl.`description_short`, pl.`link_rewrite`, pl.`meta_description`,
			pl.`meta_keywords`, pl.`meta_title`, pl.`name`, pl.`available_now`, pl.`available_later`, image_shop.`id_image` id_image, il.`legend`, m.`name` AS manufacturer_name,
			product_shop.`date_add` > "2017-10-19" as new,
product_attribute_shop.minimal_quantity AS product_attribute_minimal_quantity, IFNULL(product_attribute_shop.id_product_attribute,0) id_product_attribute
FROM `ps_product` p
 INNER JOIN ps_product_shop product_shop
		ON (product_shop.id_product = p.id_product AND product_shop.id_shop = 1)
LEFT JOIN `ps_product_lang` `pl` ON 
			p.`id_product` = pl.`id_product`
			AND pl.`id_lang` = 1 AND pl.id_shop = 1 
LEFT JOIN `ps_image_shop` `image_shop` ON image_shop.`id_product` = p.`id_product` AND image_shop.cover=1 AND image_shop.id_shop=1
LEFT JOIN `ps_image_lang` `il` ON image_shop.`id_image` = il.`id_image` AND il.`id_lang` = 1
LEFT JOIN `ps_manufacturer` `m` ON m.`id_manufacturer` = p.`id_manufacturer`
LEFT JOIN `ps_product_attribute_shop` `product_attribute_shop` ON p.`id_product` = product_attribute_shop.`id_product` AND product_attribute_shop.`default_on` = 1 AND product_attribute_shop.id_shop=1
 LEFT JOIN ps_stock_available stock
			ON (stock.id_product = p.id_product AND stock.id_product_attribute = 0 AND stock.id_shop = 1  AND stock.id_shop_group = 0  )
WHERE (product_shop.`active` = 1) AND (product_shop.`visibility` IN ("both", "catalog")) AND (product_shop.`date_add` > "2017-10-19") AND (EXISTS(SELECT 1 FROM `ps_category_product` cp
				JOIN `ps_category_group` cg ON (cp.id_category = cg.id_category AND cg.`id_group` = 1)
				WHERE cp.`id_product` = p.`id_product`))
ORDER BY product_shop.`date_add` DESC
LIMIT 8</pre> at line 791 in file classes/db/Db.php
*ERROR* 	2017/11/08 - 12:24:29: Unknown column 'product_attribute_shop.id_product' in 'on clause'<br /><br /><pre>SELECT p.*, product_shop.*, stock.out_of_stock, IFNULL(stock.quantity, 0) as quantity, pl.`description`, pl.`description_short`, pl.`link_rewrite`, pl.`meta_description`,
			pl.`meta_keywords`, pl.`meta_title`, pl.`name`, pl.`available_now`, pl.`available_later`, image_shop.`id_image` id_image, il.`legend`, m.`name` AS manufacturer_name,
			product_shop.`date_add` > "2017-10-19" as new,
product_attribute_shop.minimal_quantity AS product_attribute_minimal_quantity, IFNULL(product_attribute_shop.id_product_attribute,0) id_product_attribute
FROM `ps_product` p
 INNER JOIN ps_product_shop product_shop
		ON (product_shop.id_product = p.id_product AND product_shop.id_shop = 1)
LEFT JOIN `ps_product_lang` `pl` ON 
			p.`id_product` = pl.`id_product`
			AND pl.`id_lang` = 1 AND pl.id_shop = 1 
LEFT JOIN `ps_image_shop` `image_shop` ON image_shop.`id_product` = p.`id_product` AND image_shop.cover=1 AND image_shop.id_shop=1
LEFT JOIN `ps_image_lang` `il` ON image_shop.`id_image` = il.`id_image` AND il.`id_lang` = 1
LEFT JOIN `ps_manufacturer` `m` ON m.`id_manufacturer` = p.`id_manufacturer`
LEFT JOIN `ps_product_attribute_shop` `product_attribute_shop` ON p.`id_product` = product_attribute_shop.`id_product` AND product_attribute_shop.`default_on` = 1 AND product_attribute_shop.id_shop=1
 LEFT JOIN ps_stock_available stock
			ON (stock.id_product = p.id_product AND stock.id_product_attribute = 0 AND stock.id_shop = 1  AND stock.id_shop_group = 0  )
WHERE (product_shop.`active` = 1) AND (product_shop.`visibility` IN ("both", "catalog")) AND (product_shop.`date_add` > "2017-10-19") AND (EXISTS(SELECT 1 FROM `ps_category_product` cp
				JOIN `ps_category_group` cg ON (cp.id_category = cg.id_category AND cg.`id_group` = 1)
				WHERE cp.`id_product` = p.`id_product`))
ORDER BY product_shop.`date_add` DESC
LIMIT 8</pre> at line 791 in file classes/db/Db.php
*ERROR* 	2017/11/08 - 12:38:30: Unknown column 'product_attribute_shop.id_product' in 'on clause'<br /><br /><pre>SELECT p.*, product_shop.*, stock.out_of_stock, IFNULL(stock.quantity, 0) as quantity, pl.`description`, pl.`description_short`, pl.`link_rewrite`, pl.`meta_description`,
			pl.`meta_keywords`, pl.`meta_title`, pl.`name`, pl.`available_now`, pl.`available_later`, image_shop.`id_image` id_image, il.`legend`, m.`name` AS manufacturer_name,
			product_shop.`date_add` > "2017-10-19" as new,
product_attribute_shop.minimal_quantity AS product_attribute_minimal_quantity, IFNULL(product_attribute_shop.id_product_attribute,0) id_product_attribute
FROM `ps_product` p
 INNER JOIN ps_product_shop product_shop
		ON (product_shop.id_product = p.id_product AND product_shop.id_shop = 1)
LEFT JOIN `ps_product_lang` `pl` ON 
			p.`id_product` = pl.`id_product`
			AND pl.`id_lang` = 1 AND pl.id_shop = 1 
LEFT JOIN `ps_image_shop` `image_shop` ON image_shop.`id_product` = p.`id_product` AND image_shop.cover=1 AND image_shop.id_shop=1
LEFT JOIN `ps_image_lang` `il` ON image_shop.`id_image` = il.`id_image` AND il.`id_lang` = 1
LEFT JOIN `ps_manufacturer` `m` ON m.`id_manufacturer` = p.`id_manufacturer`
LEFT JOIN `ps_product_attribute_shop` `product_attribute_shop` ON p.`id_product` = product_attribute_shop.`id_product` AND product_attribute_shop.`default_on` = 1 AND product_attribute_shop.id_shop=1
 LEFT JOIN ps_stock_available stock
			ON (stock.id_product = p.id_product AND stock.id_product_attribute = 0 AND stock.id_shop = 1  AND stock.id_shop_group = 0  )
WHERE (product_shop.`active` = 1) AND (product_shop.`visibility` IN ("both", "catalog")) AND (product_shop.`date_add` > "2017-10-19") AND (EXISTS(SELECT 1 FROM `ps_category_product` cp
				JOIN `ps_category_group` cg ON (cp.id_category = cg.id_category AND cg.`id_group` = 1)
				WHERE cp.`id_product` = p.`id_product`))
ORDER BY product_shop.`date_add` DESC
LIMIT 8</pre> at line 791 in file classes/db/Db.php
*ERROR* 	2017/11/08 - 12:42:49: Unknown column 'product_attribute_shop.id_product' in 'on clause'<br /><br /><pre>SELECT p.*, product_shop.*, stock.out_of_stock, IFNULL(stock.quantity, 0) as quantity, pl.`description`, pl.`description_short`, pl.`link_rewrite`, pl.`meta_description`,
			pl.`meta_keywords`, pl.`meta_title`, pl.`name`, pl.`available_now`, pl.`available_later`, image_shop.`id_image` id_image, il.`legend`, m.`name` AS manufacturer_name,
			product_shop.`date_add` > "2017-10-19" as new,
product_attribute_shop.minimal_quantity AS product_attribute_minimal_quantity, IFNULL(product_attribute_shop.id_product_attribute,0) id_product_attribute
FROM `ps_product` p
 INNER JOIN ps_product_shop product_shop
		ON (product_shop.id_product = p.id_product AND product_shop.id_shop = 1)
LEFT JOIN `ps_product_lang` `pl` ON 
			p.`id_product` = pl.`id_product`
			AND pl.`id_lang` = 1 AND pl.id_shop = 1 
LEFT JOIN `ps_image_shop` `image_shop` ON image_shop.`id_product` = p.`id_product` AND image_shop.cover=1 AND image_shop.id_shop=1
LEFT JOIN `ps_image_lang` `il` ON image_shop.`id_image` = il.`id_image` AND il.`id_lang` = 1
LEFT JOIN `ps_manufacturer` `m` ON m.`id_manufacturer` = p.`id_manufacturer`
LEFT JOIN `ps_product_attribute_shop` `product_attribute_shop` ON p.`id_product` = product_attribute_shop.`id_product` AND product_attribute_shop.`default_on` = 1 AND product_attribute_shop.id_shop=1
 LEFT JOIN ps_stock_available stock
			ON (stock.id_product = p.id_product AND stock.id_product_attribute = 0 AND stock.id_shop = 1  AND stock.id_shop_group = 0  )
WHERE (product_shop.`active` = 1) AND (product_shop.`visibility` IN ("both", "catalog")) AND (product_shop.`date_add` > "2017-10-19") AND (EXISTS(SELECT 1 FROM `ps_category_product` cp
				JOIN `ps_category_group` cg ON (cp.id_category = cg.id_category AND cg.`id_group` = 1)
				WHERE cp.`id_product` = p.`id_product`))
ORDER BY product_shop.`date_add` DESC
LIMIT 8</pre> at line 791 in file classes/db/Db.php
*ERROR* 	2017/11/08 - 12:44:15: Unknown column 'product_attribute_shop.id_product' in 'on clause'<br /><br /><pre>SELECT p.*, product_shop.*, stock.out_of_stock, IFNULL(stock.quantity, 0) as quantity, pl.`description`, pl.`description_short`, pl.`link_rewrite`, pl.`meta_description`,
			pl.`meta_keywords`, pl.`meta_title`, pl.`name`, pl.`available_now`, pl.`available_later`, image_shop.`id_image` id_image, il.`legend`, m.`name` AS manufacturer_name,
			product_shop.`date_add` > "2017-10-19" as new,
product_attribute_shop.minimal_quantity AS product_attribute_minimal_quantity, IFNULL(product_attribute_shop.id_product_attribute,0) id_product_attribute
FROM `ps_product` p
 INNER JOIN ps_product_shop product_shop
		ON (product_shop.id_product = p.id_product AND product_shop.id_shop = 1)
LEFT JOIN `ps_product_lang` `pl` ON 
			p.`id_product` = pl.`id_product`
			AND pl.`id_lang` = 1 AND pl.id_shop = 1 
LEFT JOIN `ps_image_shop` `image_shop` ON image_shop.`id_product` = p.`id_product` AND image_shop.cover=1 AND image_shop.id_shop=1
LEFT JOIN `ps_image_lang` `il` ON image_shop.`id_image` = il.`id_image` AND il.`id_lang` = 1
LEFT JOIN `ps_manufacturer` `m` ON m.`id_manufacturer` = p.`id_manufacturer`
LEFT JOIN `ps_product_attribute_shop` `product_attribute_shop` ON p.`id_product` = product_attribute_shop.`id_product` AND product_attribute_shop.`default_on` = 1 AND product_attribute_shop.id_shop=1
 LEFT JOIN ps_stock_available stock
			ON (stock.id_product = p.id_product AND stock.id_product_attribute = 0 AND stock.id_shop = 1  AND stock.id_shop_group = 0  )
WHERE (product_shop.`active` = 1) AND (product_shop.`visibility` IN ("both", "catalog")) AND (product_shop.`date_add` > "2017-10-19") AND (EXISTS(SELECT 1 FROM `ps_category_product` cp
				JOIN `ps_category_group` cg ON (cp.id_category = cg.id_category AND cg.`id_group` = 1)
				WHERE cp.`id_product` = p.`id_product`))
ORDER BY product_shop.`date_add` DESC
LIMIT 8</pre> at line 791 in file classes/db/Db.php
*ERROR* 	2017/11/08 - 12:44:33: Unknown column 'product_attribute_shop.id_product' in 'on clause'<br /><br /><pre>SELECT p.*, product_shop.*, stock.out_of_stock, IFNULL(stock.quantity, 0) as quantity, pl.`description`, pl.`description_short`, pl.`link_rewrite`, pl.`meta_description`,
			pl.`meta_keywords`, pl.`meta_title`, pl.`name`, pl.`available_now`, pl.`available_later`, image_shop.`id_image` id_image, il.`legend`, m.`name` AS manufacturer_name,
			product_shop.`date_add` > "2017-10-19" as new,
product_attribute_shop.minimal_quantity AS product_attribute_minimal_quantity, IFNULL(product_attribute_shop.id_product_attribute,0) id_product_attribute
FROM `ps_product` p
 INNER JOIN ps_product_shop product_shop
		ON (product_shop.id_product = p.id_product AND product_shop.id_shop = 1)
LEFT JOIN `ps_product_lang` `pl` ON 
			p.`id_product` = pl.`id_product`
			AND pl.`id_lang` = 1 AND pl.id_shop = 1 
LEFT JOIN `ps_image_shop` `image_shop` ON image_shop.`id_product` = p.`id_product` AND image_shop.cover=1 AND image_shop.id_shop=1
LEFT JOIN `ps_image_lang` `il` ON image_shop.`id_image` = il.`id_image` AND il.`id_lang` = 1
LEFT JOIN `ps_manufacturer` `m` ON m.`id_manufacturer` = p.`id_manufacturer`
LEFT JOIN `ps_product_attribute_shop` `product_attribute_shop` ON p.`id_product` = product_attribute_shop.`id_product` AND product_attribute_shop.`default_on` = 1 AND product_attribute_shop.id_shop=1
 LEFT JOIN ps_stock_available stock
			ON (stock.id_product = p.id_product AND stock.id_product_attribute = 0 AND stock.id_shop = 1  AND stock.id_shop_group = 0  )
WHERE (product_shop.`active` = 1) AND (product_shop.`visibility` IN ("both", "catalog")) AND (product_shop.`date_add` > "2017-10-19") AND (EXISTS(SELECT 1 FROM `ps_category_product` cp
				JOIN `ps_category_group` cg ON (cp.id_category = cg.id_category AND cg.`id_group` = 1)
				WHERE cp.`id_product` = p.`id_product`))
ORDER BY product_shop.`date_add` DESC
LIMIT 8</pre> at line 791 in file classes/db/Db.php
*ERROR* 	2017/11/08 - 12:46:06: Table 'db708184382.ps_shop_url' doesn't exist<br /><br /><pre>SELECT s.id_shop, CONCAT(su.physical_uri, su.virtual_uri) AS uri, su.domain, su.main
					FROM ps_shop_url su
					LEFT JOIN ps_shop s ON (s.id_shop = su.id_shop)
					WHERE (su.domain = 'www.jlmangas.com' OR su.domain_ssl = 'www.jlmangas.com')
						AND s.active = 1
						AND s.deleted = 0
					ORDER BY LENGTH(CONCAT(su.physical_uri, su.virtual_uri)) DESC</pre> at line 791 in file classes/db/Db.php
*ERROR* 	2017/11/08 - 12:46:06: Table 'db708184382.ps_shop_url' doesn't exist<br /><br /><pre>SELECT s.id_shop, CONCAT(su.physical_uri, su.virtual_uri) AS uri, su.domain, su.main
					FROM ps_shop_url su
					LEFT JOIN ps_shop s ON (s.id_shop = su.id_shop)
					WHERE (su.domain = 'www.jlmangas.com' OR su.domain_ssl = 'www.jlmangas.com')
						AND s.active = 1
						AND s.deleted = 0
					ORDER BY LENGTH(CONCAT(su.physical_uri, su.virtual_uri)) DESC</pre> at line 791 in file classes/db/Db.php
*ERROR* 	2017/11/08 - 12:46:15: Table 'db708184382.ps_shop_url' doesn't exist<br /><br /><pre>SELECT s.id_shop, CONCAT(su.physical_uri, su.virtual_uri) AS uri, su.domain, su.main
					FROM ps_shop_url su
					LEFT JOIN ps_shop s ON (s.id_shop = su.id_shop)
					WHERE (su.domain = 'www.jlmangas.com' OR su.domain_ssl = 'www.jlmangas.com')
						AND s.active = 1
						AND s.deleted = 0
					ORDER BY LENGTH(CONCAT(su.physical_uri, su.virtual_uri)) DESC</pre> at line 791 in file classes/db/Db.php
*ERROR* 	2017/11/08 - 12:46:15: Table 'db708184382.ps_shop_url' doesn't exist<br /><br /><pre>SELECT s.id_shop, CONCAT(su.physical_uri, su.virtual_uri) AS uri, su.domain, su.main
					FROM ps_shop_url su
					LEFT JOIN ps_shop s ON (s.id_shop = su.id_shop)
					WHERE (su.domain = 'www.jlmangas.com' OR su.domain_ssl = 'www.jlmangas.com')
						AND s.active = 1
						AND s.deleted = 0
					ORDER BY LENGTH(CONCAT(su.physical_uri, su.virtual_uri)) DESC</pre> at line 791 in file classes/db/Db.php
*ERROR* 	2017/11/08 - 12:46:53: Table 'db708184382.ps_shop_url' doesn't exist<br /><br /><pre>SELECT s.id_shop, CONCAT(su.physical_uri, su.virtual_uri) AS uri, su.domain, su.main
					FROM ps_shop_url su
					LEFT JOIN ps_shop s ON (s.id_shop = su.id_shop)
					WHERE (su.domain = 'www.jlmangas.com' OR su.domain_ssl = 'www.jlmangas.com')
						AND s.active = 1
						AND s.deleted = 0
					ORDER BY LENGTH(CONCAT(su.physical_uri, su.virtual_uri)) DESC</pre> at line 791 in file classes/db/Db.php
